<?xml version="1.0" encoding="UTF-8"?>
<!-- Generated by org.testng.reporters.JUnitReportReporter -->
<testsuite skipped="0" hostname="LAPTOP-QMLJP549" name="mvnproject.Demo1" tests="1" failures="0" timestamp="27 Mar 2019 12:46:26 GMT" time="19.378" errors="0">
  <testcase name="test" time="19.378" classname="mvnproject.Demo1"/>
</testsuite> <!-- mvnproject.Demo1 -->
